<?xml version="1.0" encoding="UTF-8"?>
<!-- Generated by org.testng.reporters.JUnitReportReporter -->
<testsuite skipped="0" hostname="Karthik" name="gs.gittest.gs2" tests="1" failures="0" timestamp="2020-02-03T21:50:01 AEDT" time="11.241" errors="0">
  <testcase name="attest" time="11.241" classname="gs.gittest.gs2"/>
  <system-out/>
</testsuite> <!-- gs.gittest.gs2 -->
